<?xml version="1.0" encoding="UTF-8"?>
<!-- Generated by org.testng.reporters.JUnitReportReporter -->
<testsuite hostname="LAPTOP-E5JV7D1P" failures="0" tests="5" name="PasswordManagerTests.LoginTest" time="1.345" errors="0" timestamp="2021-08-20T09:52:52 IST" skipped="0">
  <testcase classname="PasswordManagerTests.LoginTest" name="invalidPasswordTest" time="0.303"/>
  <system-out/>
  <testcase classname="PasswordManagerTests.LoginTest" name="invalidUsernameTest" time="0.291"/>
  <system-out/>
  <testcase classname="PasswordManagerTests.LoginTest" name="emptyPasswordFieldTest" time="0.284"/>
  <system-out/>
  <testcase classname="PasswordManagerTests.LoginTest" name="ClickTest" time="0.146"/>
  <system-out/>
  <testcase classname="PasswordManagerTests.LoginTest" name="emptyUsernameFieldTest" time="0.321"/>
  <system-out/>
</testsuite> <!-- PasswordManagerTests.LoginTest -->
