<?xml version="1.0" encoding="UTF-8"?>
<!-- Generated by org.testng.reporters.JUnitReportReporter -->
<testsuite hostname="LAPTOP-E5JV7D1P" failures="0" tests="6" name="PasswordManagerTests.AddCredentialTest" time="2.509" errors="0" timestamp="2021-08-20T09:52:52 IST" skipped="0">
  <testcase classname="PasswordManagerTests.AddCredentialTest" name="MaxLengthWebsiteData" time="0.382"/>
  <system-out/>
  <testcase classname="PasswordManagerTests.AddCredentialTest" name="InvalidLengthWebsiteData" time="0.525"/>
  <system-out/>
  <testcase classname="PasswordManagerTests.AddCredentialTest" name="InvalidPasswordLength" time="0.438"/>
  <system-out/>
  <testcase classname="PasswordManagerTests.AddCredentialTest" name="emptyWebsiteData" time="0.344"/>
  <system-out/>
  <testcase classname="PasswordManagerTests.AddCredentialTest" name="addValidData" time="0.372"/>
  <system-out/>
  <testcase classname="PasswordManagerTests.AddCredentialTest" name="InvalidUsernameLength" time="0.448"/>
  <system-out/>
</testsuite> <!-- PasswordManagerTests.AddCredentialTest -->
