<?xml version="1.0" encoding="UTF-8"?>
<!-- Generated by org.testng.reporters.JUnitReportReporter -->
<testsuite hostname="LAPTOP-E5JV7D1P" failures="0" tests="6" name="PasswordManagerTests.EditCredentialTest" time="3.474" errors="0" timestamp="2021-08-20T09:52:52 IST" skipped="0">
  <testcase classname="PasswordManagerTests.EditCredentialTest" name="MaxLengthWebsiteData" time="0.575"/>
  <system-out/>
  <testcase classname="PasswordManagerTests.EditCredentialTest" name="ExceedLengthWebsiteData" time="0.594"/>
  <system-out/>
  <testcase classname="PasswordManagerTests.EditCredentialTest" name="UpdateWebsiteData" time="0.572"/>
  <system-out/>
  <testcase classname="PasswordManagerTests.EditCredentialTest" name="UpdateUsername" time="0.576"/>
  <system-out/>
  <testcase classname="PasswordManagerTests.EditCredentialTest" name="UpdatePassword" time="0.580"/>
  <system-out/>
  <testcase classname="PasswordManagerTests.EditCredentialTest" name="UpdateWebsiteURL" time="0.577"/>
  <system-out/>
</testsuite> <!-- PasswordManagerTests.EditCredentialTest -->
